<?xml version="1.0" encoding="UTF-8" ?>
<testsuite failures="0" time="0.505" errors="1" skipped="0" tests="1" name="org.jerrymouse.weaving.extracter.analysis.filer.GroovyFilterTest">
  <properties>
    <property name="java.runtime.name" value="OpenJDK Runtime Environment"/>
    <property name="sun.boot.library.path" value="/usr/lib/jvm/java-6-openjdk/jre/lib/i386"/>
    <property name="java.vm.version" value="14.0-b16"/>
    <property name="java.vm.vendor" value="Sun Microsystems Inc."/>
    <property name="java.vendor.url" value="http://java.sun.com/"/>
    <property name="path.separator" value=":"/>
    <property name="java.vm.name" value="OpenJDK Server VM"/>
    <property name="file.encoding.pkg" value="sun.io"/>
    <property name="user.country" value="CN"/>
    <property name="sun.java.launcher" value="SUN_STANDARD"/>
    <property name="sun.os.patch.level" value="unknown"/>
    <property name="java.vm.specification.name" value="Java Virtual Machine Specification"/>
    <property name="user.dir" value="/home/yankai/workspaces/weaving/code/weaving-extracter"/>
    <property name="java.runtime.version" value="1.6.0_18-b18"/>
    <property name="java.awt.graphicsenv" value="sun.awt.X11GraphicsEnvironment"/>
    <property name="basedir" value="/home/yankai/workspaces/weaving/code/weaving-extracter"/>
    <property name="java.endorsed.dirs" value="/usr/lib/jvm/java-6-openjdk/jre/lib/endorsed"/>
    <property name="os.arch" value="i386"/>
    <property name="surefire.real.class.path" value="/tmp/surefirebooter5865566903927446641.jar"/>
    <property name="java.io.tmpdir" value="/tmp"/>
    <property name="line.separator" value="
"/>
    <property name="java.vm.specification.vendor" value="Sun Microsystems Inc."/>
    <property name="os.name" value="Linux"/>
    <property name="sun.jnu.encoding" value="UTF-8"/>
    <property name="java.library.path" value="/usr/lib/jvm/java-6-openjdk/jre/lib/i386/server:/usr/lib/jvm/java-6-openjdk/jre/lib/i386:/usr/lib/jvm/java-6-openjdk/jre/../lib/i386:/usr/java/packages/lib/i386:/usr/lib/jni:/lib:/usr/lib"/>
    <property name="surefire.test.class.path" value="/home/yankai/workspaces/weaving/code/weaving-extracter/target/test-classes:/home/yankai/workspaces/weaving/code/weaving-extracter/target/classes:/home/yankai/.m2/repository/junit/junit/4.7/junit-4.7.jar:/home/yankai/.m2/repository/org/jerrymouse/weaving-model/1.0/weaving-model-1.0.jar:/home/yankai/.m2/repository/org/jerrymouse/jsa4j-db-kv/1.0-alpha-1/jsa4j-db-kv-1.0-alpha-1.jar:/home/yankai/.m2/repository/org/codehaus/jackson/jackson-mapper-asl/1.5.1/jackson-mapper-asl-1.5.1.jar:/home/yankai/.m2/repository/org/codehaus/jackson/jackson-core-asl/1.5.1/jackson-core-asl-1.5.1.jar:/home/yankai/.m2/repository/commons-logging/commons-logging/1.1.1/commons-logging-1.1.1.jar:/home/yankai/.m2/repository/log4j/log4j/1.2.14/log4j-1.2.14.jar:/home/yankai/.m2/repository/dom4j/dom4j/1.6.1/dom4j-1.6.1.jar:/home/yankai/.m2/repository/xml-apis/xml-apis/1.3.03/xml-apis-1.3.03.jar:/home/yankai/.m2/repository/org/jerrymouse/weaving-eye/1.0/weaving-eye-1.0.jar:/home/yankai/.m2/repository/org/jerrymouse/weaving-network/1.0/weaving-network-1.0.jar:/home/yankai/.m2/repository/commons-io/commons-io/1.4/commons-io-1.4.jar:/home/yankai/.m2/repository/org/jerrymouse/weaving-webpage/1.0/weaving-webpage-1.0.jar:/home/yankai/.m2/repository/org/codehaus/groovy/groovy-all/1.7.2/groovy-all-1.7.2.jar:/home/yankai/.m2/repository/nekohtml/nekohtml/1.9.6.2/nekohtml-1.9.6.2.jar:/home/yankai/.m2/repository/xerces/xercesImpl/2.8.1/xercesImpl-2.8.1.jar:/home/yankai/.m2/repository/xalan/xalan/2.7.1/xalan-2.7.1.jar:/home/yankai/.m2/repository/xalan/serializer/2.7.1/serializer-2.7.1.jar:/home/yankai/.m2/repository/commons-lang/commons-lang/2.5/commons-lang-2.5.jar:"/>
    <property name="java.specification.name" value="Java Platform API Specification"/>
    <property name="java.class.version" value="50.0"/>
    <property name="sun.management.compiler" value="HotSpot Tiered Compilers"/>
    <property name="os.version" value="2.6.32-22-generic"/>
    <property name="user.home" value="/home/yankai"/>
    <property name="user.timezone" value=""/>
    <property name="java.awt.printerjob" value="sun.print.PSPrinterJob"/>
    <property name="file.encoding" value="UTF-8"/>
    <property name="java.specification.version" value="1.6"/>
    <property name="user.name" value="yankai"/>
    <property name="java.class.path" value="/home/yankai/workspaces/weaving/code/weaving-extracter/target/test-classes:/home/yankai/workspaces/weaving/code/weaving-extracter/target/classes:/home/yankai/.m2/repository/junit/junit/4.7/junit-4.7.jar:/home/yankai/.m2/repository/org/jerrymouse/weaving-model/1.0/weaving-model-1.0.jar:/home/yankai/.m2/repository/org/jerrymouse/jsa4j-db-kv/1.0-alpha-1/jsa4j-db-kv-1.0-alpha-1.jar:/home/yankai/.m2/repository/org/codehaus/jackson/jackson-mapper-asl/1.5.1/jackson-mapper-asl-1.5.1.jar:/home/yankai/.m2/repository/org/codehaus/jackson/jackson-core-asl/1.5.1/jackson-core-asl-1.5.1.jar:/home/yankai/.m2/repository/commons-logging/commons-logging/1.1.1/commons-logging-1.1.1.jar:/home/yankai/.m2/repository/log4j/log4j/1.2.14/log4j-1.2.14.jar:/home/yankai/.m2/repository/dom4j/dom4j/1.6.1/dom4j-1.6.1.jar:/home/yankai/.m2/repository/xml-apis/xml-apis/1.3.03/xml-apis-1.3.03.jar:/home/yankai/.m2/repository/org/jerrymouse/weaving-eye/1.0/weaving-eye-1.0.jar:/home/yankai/.m2/repository/org/jerrymouse/weaving-network/1.0/weaving-network-1.0.jar:/home/yankai/.m2/repository/commons-io/commons-io/1.4/commons-io-1.4.jar:/home/yankai/.m2/repository/org/jerrymouse/weaving-webpage/1.0/weaving-webpage-1.0.jar:/home/yankai/.m2/repository/org/codehaus/groovy/groovy-all/1.7.2/groovy-all-1.7.2.jar:/home/yankai/.m2/repository/nekohtml/nekohtml/1.9.6.2/nekohtml-1.9.6.2.jar:/home/yankai/.m2/repository/xerces/xercesImpl/2.8.1/xercesImpl-2.8.1.jar:/home/yankai/.m2/repository/xalan/xalan/2.7.1/xalan-2.7.1.jar:/home/yankai/.m2/repository/xalan/serializer/2.7.1/serializer-2.7.1.jar:/home/yankai/.m2/repository/commons-lang/commons-lang/2.5/commons-lang-2.5.jar:"/>
    <property name="java.vm.specification.version" value="1.0"/>
    <property name="sun.arch.data.model" value="32"/>
    <property name="java.home" value="/usr/lib/jvm/java-6-openjdk/jre"/>
    <property name="java.specification.vendor" value="Sun Microsystems Inc."/>
    <property name="user.language" value="zh"/>
    <property name="java.vm.info" value="mixed mode"/>
    <property name="java.version" value="1.6.0_18"/>
    <property name="java.ext.dirs" value="/usr/lib/jvm/java-6-openjdk/jre/lib/ext:/usr/java/packages/lib/ext"/>
    <property name="sun.boot.class.path" value="/usr/lib/jvm/java-6-openjdk/jre/lib/resources.jar:/usr/lib/jvm/java-6-openjdk/jre/lib/rt.jar:/usr/lib/jvm/java-6-openjdk/jre/lib/sunrsasign.jar:/usr/lib/jvm/java-6-openjdk/jre/lib/jsse.jar:/usr/lib/jvm/java-6-openjdk/jre/lib/jce.jar:/usr/lib/jvm/java-6-openjdk/jre/lib/charsets.jar:/usr/lib/jvm/java-6-openjdk/jre/lib/rhino.jar:/usr/lib/jvm/java-6-openjdk/jre/classes"/>
    <property name="java.vendor" value="Sun Microsystems Inc."/>
    <property name="localRepository" value="/home/yankai/.m2/repository"/>
    <property name="file.separator" value="/"/>
    <property name="java.vendor.url.bug" value="http://java.sun.com/cgi-bin/bugreport.cgi"/>
    <property name="sun.cpu.endian" value="little"/>
    <property name="sun.io.unicode.encoding" value="UnicodeLittle"/>
    <property name="sun.desktop" value="gnome"/>
    <property name="sun.cpu.isalist" value=""/>
  </properties>
  <testcase time="0.366" classname="org.jerrymouse.weaving.extracter.analysis.filer.GroovyFilterTest" name="testDoubanAnalysis">
    <error message="org/jerrymouse/weaving/model/base/AbstractWebsite" type="java.lang.NoClassDefFoundError">java.lang.NoClassDefFoundError: org/jerrymouse/weaving/model/base/AbstractWebsite
	at java.lang.ClassLoader.defineClass1(Native Method)
	at java.lang.ClassLoader.defineClass(ClassLoader.java:634)
	at java.security.SecureClassLoader.defineClass(SecureClassLoader.java:142)
	at java.net.URLClassLoader.defineClass(URLClassLoader.java:277)
	at java.net.URLClassLoader.access$000(URLClassLoader.java:73)
	at java.net.URLClassLoader$1.run(URLClassLoader.java:212)
	at java.security.AccessController.doPrivileged(Native Method)
	at java.net.URLClassLoader.findClass(URLClassLoader.java:205)
	at java.lang.ClassLoader.loadClass(ClassLoader.java:321)
	at sun.misc.Launcher$AppClassLoader.loadClass(Launcher.java:294)
	at java.lang.ClassLoader.loadClass(ClassLoader.java:266)
	at java.lang.ClassLoader.loadClassInternal(ClassLoader.java:334)
	at org.jerrymouse.weaving.extracter.analysis.filer.GroovyFilterTest.testDoubanAnalysis(GroovyFilterTest.java:39)
	at sun.reflect.NativeMethodAccessorImpl.invoke0(Native Method)
	at sun.reflect.NativeMethodAccessorImpl.invoke(NativeMethodAccessorImpl.java:57)
	at sun.reflect.DelegatingMethodAccessorImpl.invoke(DelegatingMethodAccessorImpl.java:43)
	at java.lang.reflect.Method.invoke(Method.java:616)
	at org.junit.runners.model.FrameworkMethod$1.runReflectiveCall(FrameworkMethod.java:44)
	at org.junit.internal.runners.model.ReflectiveCallable.run(ReflectiveCallable.java:15)
	at org.junit.runners.model.FrameworkMethod.invokeExplosively(FrameworkMethod.java:41)
	at org.junit.internal.runners.statements.InvokeMethod.evaluate(InvokeMethod.java:20)
	at org.junit.internal.runners.statements.RunBefores.evaluate(RunBefores.java:28)
	at org.junit.runners.BlockJUnit4ClassRunner.runChild(BlockJUnit4ClassRunner.java:76)
	at org.junit.runners.BlockJUnit4ClassRunner.runChild(BlockJUnit4ClassRunner.java:50)
	at org.junit.runners.ParentRunner$3.run(ParentRunner.java:193)
	at org.junit.runners.ParentRunner$1.schedule(ParentRunner.java:52)
	at org.junit.runners.ParentRunner.runChildren(ParentRunner.java:191)
	at org.junit.runners.ParentRunner.access$000(ParentRunner.java:42)
	at org.junit.runners.ParentRunner$2.evaluate(ParentRunner.java:184)
	at org.junit.runners.ParentRunner.run(ParentRunner.java:236)
	at org.apache.maven.surefire.junit4.JUnit4TestSet.execute(JUnit4TestSet.java:62)
	at org.apache.maven.surefire.suite.AbstractDirectoryTestSuite.executeTestSet(AbstractDirectoryTestSuite.java:140)
	at org.apache.maven.surefire.suite.AbstractDirectoryTestSuite.execute(AbstractDirectoryTestSuite.java:127)
	at org.apache.maven.surefire.Surefire.run(Surefire.java:177)
	at sun.reflect.NativeMethodAccessorImpl.invoke0(Native Method)
	at sun.reflect.NativeMethodAccessorImpl.invoke(NativeMethodAccessorImpl.java:57)
	at sun.reflect.DelegatingMethodAccessorImpl.invoke(DelegatingMethodAccessorImpl.java:43)
	at java.lang.reflect.Method.invoke(Method.java:616)
	at org.apache.maven.surefire.booter.SurefireBooter.runSuitesInProcess(SurefireBooter.java:345)
	at org.apache.maven.surefire.booter.SurefireBooter.main(SurefireBooter.java:1009)
Caused by: java.lang.ClassNotFoundException: org.jerrymouse.weaving.model.base.AbstractWebsite
	at java.net.URLClassLoader$1.run(URLClassLoader.java:217)
	at java.security.AccessController.doPrivileged(Native Method)
	at java.net.URLClassLoader.findClass(URLClassLoader.java:205)
	at java.lang.ClassLoader.loadClass(ClassLoader.java:321)
	at sun.misc.Launcher$AppClassLoader.loadClass(Launcher.java:294)
	at java.lang.ClassLoader.loadClass(ClassLoader.java:266)
	at java.lang.ClassLoader.loadClassInternal(ClassLoader.java:334)
	... 40 more
</error>
    <system-out>TRACE GroovyFilterTest - org.codehaus.groovy.jsr223.GroovyScriptEngineImpl@14e3f41
</system-out>
  </testcase>
</testsuite>